<?xml version="1.0" encoding="UTF-8"?>
<testsuite name="com.yourLuck.yourLuck.YourLuckApplicationTests" tests="1" skipped="0" failures="0" errors="0" timestamp="2024-03-11T08:17:35" hostname="kyuhyuns-MacBook-Pro.local" time="0.079">
  <properties/>
  <testcase name="contextLoads()" classname="com.yourLuck.yourLuck.YourLuckApplicationTests" time="0.079"/>
  <system-out><![CDATA[17:17:32.963 [Test worker] DEBUG org.springframework.test.context.BootstrapUtils - Instantiating CacheAwareContextLoaderDelegate from class [org.springframework.test.context.cache.DefaultCacheAwareContextLoaderDelegate]
17:17:32.968 [Test worker] DEBUG org.springframework.test.context.BootstrapUtils - Instantiating BootstrapContext using constructor [public org.springframework.test.context.support.DefaultBootstrapContext(java.lang.Class,org.springframework.test.context.CacheAwareContextLoaderDelegate)]
17:17:32.982 [Test worker] DEBUG org.springframework.test.context.BootstrapUtils - Instantiating TestContextBootstrapper for test class [com.yourLuck.yourLuck.YourLuckApplicationTests] from class [org.springframework.boot.test.context.SpringBootTestContextBootstrapper]
17:17:32.986 [Test worker] INFO org.springframework.boot.test.context.SpringBootTestContextBootstrapper - Neither @ContextConfiguration nor @ContextHierarchy found for test class [com.yourLuck.yourLuck.YourLuckApplicationTests], using SpringBootContextLoader
17:17:32.988 [Test worker] DEBUG org.springframework.test.context.support.AbstractContextLoader - Did not detect default resource location for test class [com.yourLuck.yourLuck.YourLuckApplicationTests]: class path resource [com/yourLuck/yourLuck/YourLuckApplicationTests-context.xml] does not exist
17:17:32.988 [Test worker] DEBUG org.springframework.test.context.support.AbstractContextLoader - Did not detect default resource location for test class [com.yourLuck.yourLuck.YourLuckApplicationTests]: class path resource [com/yourLuck/yourLuck/YourLuckApplicationTestsContext.groovy] does not exist
17:17:32.988 [Test worker] INFO org.springframework.test.context.support.AbstractContextLoader - Could not detect default resource locations for test class [com.yourLuck.yourLuck.YourLuckApplicationTests]: no resource found for suffixes {-context.xml, Context.groovy}.
17:17:32.988 [Test worker] INFO org.springframework.test.context.support.AnnotationConfigContextLoaderUtils - Could not detect default configuration classes for test class [com.yourLuck.yourLuck.YourLuckApplicationTests]: YourLuckApplicationTests does not declare any static, non-private, non-final, nested classes annotated with @Configuration.
17:17:33.005 [Test worker] DEBUG org.springframework.test.context.support.ActiveProfilesUtils - Could not find an 'annotation declaring class' for annotation type [org.springframework.test.context.ActiveProfiles] and class [com.yourLuck.yourLuck.YourLuckApplicationTests]
17:17:33.034 [Test worker] DEBUG org.springframework.context.annotation.ClassPathScanningCandidateComponentProvider - Identified candidate component class: file [/Users/kyuhyunpark/Desktop/yourLuck/build/classes/java/main/com/yourLuck/yourLuck/YourLuckApplication.class]
17:17:33.034 [Test worker] INFO org.springframework.boot.test.context.SpringBootTestContextBootstrapper - Found @SpringBootConfiguration com.yourLuck.yourLuck.YourLuckApplication for test class com.yourLuck.yourLuck.YourLuckApplicationTests
17:17:33.067 [Test worker] DEBUG org.springframework.boot.test.context.SpringBootTestContextBootstrapper - @TestExecutionListeners is not present for class [com.yourLuck.yourLuck.YourLuckApplicationTests]: using defaults.
17:17:33.067 [Test worker] INFO org.springframework.boot.test.context.SpringBootTestContextBootstrapper - Loaded default TestExecutionListener class names from location [META-INF/spring.factories]: [org.springframework.security.test.context.support.WithSecurityContextTestExecutionListener, org.springframework.security.test.context.support.ReactorContextTestExecutionListener, org.springframework.boot.test.autoconfigure.restdocs.RestDocsTestExecutionListener, org.springframework.boot.test.autoconfigure.web.client.MockRestServiceServerResetTestExecutionListener, org.springframework.boot.test.autoconfigure.web.servlet.MockMvcPrintOnlyOnFailureTestExecutionListener, org.springframework.boot.test.autoconfigure.web.servlet.WebDriverTestExecutionListener, org.springframework.boot.test.autoconfigure.webservices.client.MockWebServiceServerTestExecutionListener, org.springframework.boot.test.mock.mockito.MockitoTestExecutionListener, org.springframework.boot.test.mock.mockito.ResetMocksTestExecutionListener, org.springframework.test.context.web.ServletTestExecutionListener, org.springframework.test.context.support.DirtiesContextBeforeModesTestExecutionListener, org.springframework.test.context.event.ApplicationEventsTestExecutionListener, org.springframework.test.context.support.DependencyInjectionTestExecutionListener, org.springframework.test.context.support.DirtiesContextTestExecutionListener, org.springframework.test.context.transaction.TransactionalTestExecutionListener, org.springframework.test.context.jdbc.SqlScriptsTestExecutionListener, org.springframework.test.context.event.EventPublishingTestExecutionListener]
17:17:33.073 [Test worker] INFO org.springframework.boot.test.context.SpringBootTestContextBootstrapper - Using TestExecutionListeners: [org.springframework.test.context.web.ServletTestExecutionListener@2c104774, org.springframework.test.context.support.DirtiesContextBeforeModesTestExecutionListener@2cb3d0f7, org.springframework.test.context.event.ApplicationEventsTestExecutionListener@4e517165, org.springframework.boot.test.mock.mockito.MockitoTestExecutionListener@44e3760b, org.springframework.boot.test.autoconfigure.SpringBootDependencyInjectionTestExecutionListener@6a66a204, org.springframework.test.context.support.DirtiesContextTestExecutionListener@5860f3d7, org.springframework.test.context.transaction.TransactionalTestExecutionListener@1d7f7be7, org.springframework.test.context.jdbc.SqlScriptsTestExecutionListener@42f3156d, org.springframework.security.test.context.support.WithSecurityContextTestExecutionListener@1ddae9b5, org.springframework.test.context.event.EventPublishingTestExecutionListener@427b5f92, org.springframework.security.test.context.support.ReactorContextTestExecutionListener@24bdb479, org.springframework.boot.test.autoconfigure.restdocs.RestDocsTestExecutionListener@7e3f95fe, org.springframework.boot.test.autoconfigure.web.client.MockRestServiceServerResetTestExecutionListener@34625ccd, org.springframework.boot.test.autoconfigure.web.servlet.MockMvcPrintOnlyOnFailureTestExecutionListener@2c7d121c, org.springframework.boot.test.autoconfigure.web.servlet.WebDriverTestExecutionListener@65aa6596, org.springframework.boot.test.autoconfigure.webservices.client.MockWebServiceServerTestExecutionListener@67389cb8, org.springframework.boot.test.mock.mockito.ResetMocksTestExecutionListener@419a20a6]
17:17:33.075 [Test worker] DEBUG org.springframework.test.context.support.AbstractDirtiesContextTestExecutionListener - Before test class: context [DefaultTestContext@1cd201a8 testClass = YourLuckApplicationTests, testInstance = [null], testMethod = [null], testException = [null], mergedContextConfiguration = [WebMergedContextConfiguration@7db82169 testClass = YourLuckApplicationTests, locations = '{}', classes = '{class com.yourLuck.yourLuck.YourLuckApplication}', contextInitializerClasses = '[]', activeProfiles = '{}', propertySourceLocations = '{}', propertySourceProperties = '{org.springframework.boot.test.context.SpringBootTestContextBootstrapper=true}', contextCustomizers = set[org.springframework.boot.test.autoconfigure.actuate.metrics.MetricsExportContextCustomizerFactory$DisableMetricExportContextCustomizer@b2c5e07, org.springframework.boot.test.autoconfigure.properties.PropertyMappingContextCustomizer@0, org.springframework.boot.test.autoconfigure.web.servlet.WebDriverContextCustomizerFactory$Customizer@5a1de7fb, org.springframework.boot.test.context.filter.ExcludeFilterContextCustomizer@32a68f4f, org.springframework.boot.test.json.DuplicateJsonObjectContextCustomizerFactory$DuplicateJsonObjectContextCustomizer@3c9c0d96, org.springframework.boot.test.mock.mockito.MockitoContextCustomizer@0, org.springframework.boot.test.web.client.TestRestTemplateContextCustomizer@7d1cfb8b, org.springframework.boot.test.context.SpringBootTestArgs@1, org.springframework.boot.test.context.SpringBootTestWebEnvironment@69fb6037], resourceBasePath = 'src/main/webapp', contextLoader = 'org.springframework.boot.test.context.SpringBootContextLoader', parent = [null]], attributes = map['org.springframework.test.context.web.ServletTestExecutionListener.activateListener' -> true]], class annotated with @DirtiesContext [false] with mode [null].

  .   ____          _            __ _ _
 /\\ / ___'_ __ _ _(_)_ __  __ _ \ \ \ \
( ( )\___ | '_ | '_| | '_ \/ _` | \ \ \ \
 \\/  ___)| |_)| | | | | || (_| |  ) ) ) )
  '  |____| .__|_| |_|_| |_\__, | / / / /
 =========|_|==============|___/=/_/_/_/
 :: Spring Boot ::                (v2.6.7)

2024-03-11 17:17:33.217  INFO 9136 --- [    Test worker] c.y.yourLuck.YourLuckApplicationTests    : Starting YourLuckApplicationTests using Java 17.0.6 on kyuhyuns-MacBook-Pro.local with PID 9136 (started by kyuhyunpark in /Users/kyuhyunpark/Desktop/yourLuck)
2024-03-11 17:17:33.218  INFO 9136 --- [    Test worker] c.y.yourLuck.YourLuckApplicationTests    : No active profile set, falling back to 1 default profile: "default"
2024-03-11 17:17:33.534  INFO 9136 --- [    Test worker] .s.d.r.c.RepositoryConfigurationDelegate : Multiple Spring Data modules found, entering strict repository configuration mode!
2024-03-11 17:17:33.535  INFO 9136 --- [    Test worker] .s.d.r.c.RepositoryConfigurationDelegate : Bootstrapping Spring Data JPA repositories in DEFAULT mode.
2024-03-11 17:17:33.609  INFO 9136 --- [    Test worker] .s.d.r.c.RepositoryConfigurationDelegate : Finished Spring Data repository scanning in 71 ms. Found 7 JPA repository interfaces.
2024-03-11 17:17:33.617  INFO 9136 --- [    Test worker] .s.d.r.c.RepositoryConfigurationDelegate : Multiple Spring Data modules found, entering strict repository configuration mode!
2024-03-11 17:17:33.618  INFO 9136 --- [    Test worker] .s.d.r.c.RepositoryConfigurationDelegate : Bootstrapping Spring Data Redis repositories in DEFAULT mode.
2024-03-11 17:17:33.624  INFO 9136 --- [    Test worker] .RepositoryConfigurationExtensionSupport : Spring Data Redis - Could not safely identify store assignment for repository candidate interface com.yourLuck.yourLuck.repository.ChatRoomRepository. If you want this repository to be a Redis repository, consider annotating your entities with one of these annotations: org.springframework.data.redis.core.RedisHash (preferred), or consider extending one of the following types with your repository: org.springframework.data.keyvalue.repository.KeyValueRepository.
2024-03-11 17:17:33.625  INFO 9136 --- [    Test worker] .RepositoryConfigurationExtensionSupport : Spring Data Redis - Could not safely identify store assignment for repository candidate interface com.yourLuck.yourLuck.repository.CommentEntityRepository. If you want this repository to be a Redis repository, consider annotating your entities with one of these annotations: org.springframework.data.redis.core.RedisHash (preferred), or consider extending one of the following types with your repository: org.springframework.data.keyvalue.repository.KeyValueRepository.
2024-03-11 17:17:33.625  INFO 9136 --- [    Test worker] .RepositoryConfigurationExtensionSupport : Spring Data Redis - Could not safely identify store assignment for repository candidate interface com.yourLuck.yourLuck.repository.LikeEntityRepository. If you want this repository to be a Redis repository, consider annotating your entities with one of these annotations: org.springframework.data.redis.core.RedisHash (preferred), or consider extending one of the following types with your repository: org.springframework.data.keyvalue.repository.KeyValueRepository.
2024-03-11 17:17:33.625  INFO 9136 --- [    Test worker] .RepositoryConfigurationExtensionSupport : Spring Data Redis - Could not safely identify store assignment for repository candidate interface com.yourLuck.yourLuck.repository.LuckEntityRepository. If you want this repository to be a Redis repository, consider annotating your entities with one of these annotations: org.springframework.data.redis.core.RedisHash (preferred), or consider extending one of the following types with your repository: org.springframework.data.keyvalue.repository.KeyValueRepository.
2024-03-11 17:17:33.626  INFO 9136 --- [    Test worker] .RepositoryConfigurationExtensionSupport : Spring Data Redis - Could not safely identify store assignment for repository candidate interface com.yourLuck.yourLuck.repository.MessageRepository. If you want this repository to be a Redis repository, consider annotating your entities with one of these annotations: org.springframework.data.redis.core.RedisHash (preferred), or consider extending one of the following types with your repository: org.springframework.data.keyvalue.repository.KeyValueRepository.
2024-03-11 17:17:33.626  INFO 9136 --- [    Test worker] .RepositoryConfigurationExtensionSupport : Spring Data Redis - Could not safely identify store assignment for repository candidate interface com.yourLuck.yourLuck.repository.PostEntityRepository. If you want this repository to be a Redis repository, consider annotating your entities with one of these annotations: org.springframework.data.redis.core.RedisHash (preferred), or consider extending one of the following types with your repository: org.springframework.data.keyvalue.repository.KeyValueRepository.
2024-03-11 17:17:33.626  INFO 9136 --- [    Test worker] .RepositoryConfigurationExtensionSupport : Spring Data Redis - Could not safely identify store assignment for repository candidate interface com.yourLuck.yourLuck.repository.UserEntityRepository. If you want this repository to be a Redis repository, consider annotating your entities with one of these annotations: org.springframework.data.redis.core.RedisHash (preferred), or consider extending one of the following types with your repository: org.springframework.data.keyvalue.repository.KeyValueRepository.
2024-03-11 17:17:33.626  INFO 9136 --- [    Test worker] .s.d.r.c.RepositoryConfigurationDelegate : Finished Spring Data repository scanning in 5 ms. Found 0 Redis repository interfaces.
2024-03-11 17:17:33.883  INFO 9136 --- [    Test worker] o.hibernate.jpa.internal.util.LogHelper  : HHH000204: Processing PersistenceUnitInfo [name: default]
2024-03-11 17:17:33.904  INFO 9136 --- [    Test worker] org.hibernate.Version                    : HHH000412: Hibernate ORM core version 5.6.8.Final
2024-03-11 17:17:33.978  INFO 9136 --- [    Test worker] o.hibernate.annotations.common.Version   : HCANN000001: Hibernate Commons Annotations {5.1.2.Final}
2024-03-11 17:17:34.018  INFO 9136 --- [    Test worker] com.zaxxer.hikari.HikariDataSource       : HikariPool-1 - Starting...
2024-03-11 17:17:34.278  INFO 9136 --- [    Test worker] com.zaxxer.hikari.HikariDataSource       : HikariPool-1 - Start completed.
2024-03-11 17:17:34.289  INFO 9136 --- [    Test worker] org.hibernate.dialect.Dialect            : HHH000400: Using dialect: org.hibernate.dialect.MySQL8Dialect
2024-03-11 17:17:34.737  INFO 9136 --- [    Test worker] o.h.e.t.j.p.i.JtaPlatformInitiator       : HHH000490: Using JtaPlatform implementation: [org.hibernate.engine.transaction.jta.platform.internal.NoJtaPlatform]
2024-03-11 17:17:34.741  INFO 9136 --- [    Test worker] j.LocalContainerEntityManagerFactoryBean : Initialized JPA EntityManagerFactory for persistence unit 'default'
2024-03-11 17:17:34.916  WARN 9136 --- [    Test worker] JpaBaseConfiguration$JpaWebConfiguration : spring.jpa.open-in-view is enabled by default. Therefore, database queries may be performed during view rendering. Explicitly configure spring.jpa.open-in-view to disable this warning
2024-03-11 17:17:35.135  WARN 9136 --- [    Test worker] .s.s.UserDetailsServiceAutoConfiguration : 

Using generated security password: ad510d7c-ec45-4f3d-8172-2e0a81166f84

This generated password is for development use only. Your security configuration must be updated before running your application in production.

2024-03-11 17:17:35.162  WARN 9136 --- [    Test worker] o.s.s.c.a.web.builders.WebSecurity       : You are asking Spring Security to ignore Regex [pattern='^(?!/api/).*']. This is not recommended -- please use permitAll via HttpSecurity#authorizeHttpRequests instead.
2024-03-11 17:17:35.162  INFO 9136 --- [    Test worker] o.s.s.web.DefaultSecurityFilterChain     : Will not secure Regex [pattern='^(?!/api/).*']
2024-03-11 17:17:35.163  WARN 9136 --- [    Test worker] o.s.s.c.a.web.builders.WebSecurity       : You are asking Spring Security to ignore Ant [pattern='/api/*/users/join', POST]. This is not recommended -- please use permitAll via HttpSecurity#authorizeHttpRequests instead.
2024-03-11 17:17:35.163  INFO 9136 --- [    Test worker] o.s.s.web.DefaultSecurityFilterChain     : Will not secure Ant [pattern='/api/*/users/join', POST]
2024-03-11 17:17:35.163  WARN 9136 --- [    Test worker] o.s.s.c.a.web.builders.WebSecurity       : You are asking Spring Security to ignore Ant [pattern='/api/*/users/login', POST]. This is not recommended -- please use permitAll via HttpSecurity#authorizeHttpRequests instead.
2024-03-11 17:17:35.163  INFO 9136 --- [    Test worker] o.s.s.web.DefaultSecurityFilterChain     : Will not secure Ant [pattern='/api/*/users/login', POST]
2024-03-11 17:17:35.188  INFO 9136 --- [    Test worker] o.s.s.web.DefaultSecurityFilterChain     : Will secure any request with [org.springframework.security.web.context.request.async.WebAsyncManagerIntegrationFilter@7bdaf563, org.springframework.security.web.context.SecurityContextPersistenceFilter@511ad0dd, org.springframework.security.web.header.HeaderWriterFilter@68aa1164, org.springframework.security.web.authentication.logout.LogoutFilter@603a34e5, com.yourLuck.yourLuck.configuration.Filter.JwtTokenFilter@53813f01, org.springframework.security.web.savedrequest.RequestCacheAwareFilter@22b4ad0c, org.springframework.security.web.servletapi.SecurityContextHolderAwareRequestFilter@19b33b0d, org.springframework.security.web.authentication.AnonymousAuthenticationFilter@514c6ca0, org.springframework.security.web.session.SessionManagementFilter@5cf39df6, org.springframework.security.web.access.ExceptionTranslationFilter@3c130cb2, org.springframework.security.web.access.intercept.FilterSecurityInterceptor@3b8ce72]
2024-03-11 17:17:35.658  INFO 9136 --- [    Test worker] o.s.m.s.b.SimpleBrokerMessageHandler     : Starting...
2024-03-11 17:17:35.658  INFO 9136 --- [    Test worker] o.s.m.s.b.SimpleBrokerMessageHandler     : BrokerAvailabilityEvent[available=true, SimpleBrokerMessageHandler [org.springframework.messaging.simp.broker.DefaultSubscriptionRegistry@4ee9daf5]]
2024-03-11 17:17:35.658  INFO 9136 --- [    Test worker] o.s.m.s.b.SimpleBrokerMessageHandler     : Started.
2024-03-11 17:17:35.663  INFO 9136 --- [    Test worker] c.y.yourLuck.YourLuckApplicationTests    : Started YourLuckApplicationTests in 2.574 seconds (JVM running for 3.052)
]]></system-out>
  <system-err><![CDATA[]]></system-err>
</testsuite>
